e:\temp\visual studio 2015\projects\pokedan\lecutureapp\lecutureapp\x64\release\vc140.pdb
e:\temp\visual studio 2015\projects\pokedan\lecutureapp\lecutureapp\x64\release\map.obj
e:\temp\visual studio 2015\projects\pokedan\lecutureapp\lecutureapp\x64\release\main.obj
e:\temp\visual studio 2015\projects\pokedan\lecutureapp\lecutureapp\x64\release\generic.obj
e:\temp\visual studio 2015\projects\pokedan\lecutureapp\lecutureapp\x64\release\enemy.obj
e:\temp\visual studio 2015\projects\pokedan\lecutureapp\lecutureapp\x64\release\character.obj
e:\temp\visual studio 2015\projects\pokedan\lecutureapp\lecutureapp\x64\release\message.obj
e:\temp\visual studio 2015\projects\pokedan\lecutureapp\lecutureapp\x64\release\menu.obj
c:\users\user\source\repos\pokedan\lecutureapp\x64\release\lecutureapp.ipdb
c:\users\user\source\repos\pokedan\lecutureapp\x64\release\lecutureapp.iobj
e:\temp\visual studio 2015\projects\pokedan\lecutureapp\lecutureapp\x64\release\vc142.pdb
e:\temp\visual studio 2015\projects\pokedan\lecutureapp\x64\release\lecutureapp.pdb
e:\temp\visual studio 2015\projects\pokedan\lecutureapp\x64\release\lecutureapp.exe
e:\temp\visual studio 2015\projects\pokedan\lecutureapp\lecutureapp\x64\release\lecutureapp.tlog\cl.command.1.tlog
e:\temp\visual studio 2015\projects\pokedan\lecutureapp\lecutureapp\x64\release\lecutureapp.tlog\cl.read.1.tlog
e:\temp\visual studio 2015\projects\pokedan\lecutureapp\lecutureapp\x64\release\lecutureapp.tlog\cl.write.1.tlog
e:\temp\visual studio 2015\projects\pokedan\lecutureapp\lecutureapp\x64\release\lecutureapp.tlog\lecutureapp.write.1u.tlog
e:\temp\visual studio 2015\projects\pokedan\lecutureapp\lecutureapp\x64\release\lecutureapp.tlog\link.command.1.tlog
e:\temp\visual studio 2015\projects\pokedan\lecutureapp\lecutureapp\x64\release\lecutureapp.tlog\link.delete.1.tlog
e:\temp\visual studio 2015\projects\pokedan\lecutureapp\lecutureapp\x64\release\lecutureapp.tlog\link.read.1.tlog
e:\temp\visual studio 2015\projects\pokedan\lecutureapp\lecutureapp\x64\release\lecutureapp.tlog\link.write.1.tlog
